Wed Dec 27 06:49:40 AM CET 2023: Checking Traefik Dashboard Access...
Wed Dec 27 06:49:40 AM CET 2023: Traefik dashboard is NOT accessible. Please check the configuration.
Wed Dec 27 06:49:40 AM CET 2023: Reviewing Traefik logs...
time="2023-09-04T23:25:48+02:00" level=info msg="Configuration loaded from flags."
time="2023-09-07T07:35:44+02:00" level=info msg="Configuration loaded from flags."
time="2023-09-10T02:27:03+02:00" level=info msg="Configuration loaded from flags."
time="2023-09-11T01:06:49+02:00" level=info msg="Configuration loaded from flags."
time="2023-09-13T05:31:27+02:00" level=info msg="Configuration loaded from flags."
time="2023-09-27T19:14:22+02:00" level=info msg="Configuration loaded from flags."
time="2023-10-14T23:05:22+02:00" level=info msg="Configuration loaded from flags."
time="2023-11-11T20:23:23+01:00" level=info msg="Configuration loaded from flags."
time="2023-11-11T20:29:05+01:00" level=info msg="Configuration loaded from flags."
time="2023-12-27T01:18:24+01:00" level=info msg="Configuration loaded from flags."
time="2023-12-27T03:56:13+01:00" level=info msg="Configuration loaded from flags."
time="2023-12-27T04:26:17+01:00" level=info msg="Configuration loaded from flags."
time="2023-12-27T05:41:01+01:00" level=info msg="Configuration loaded from flags."
Wed Dec 27 06:49:40 AM CET 2023: Checking Docker Network Configuration...
[
    {
        "Name": "saltbox",
        "Id": "9689afeed3a25e5875c39a1a2f45177c82522826e071dbd6969bafbc46426bf8",
        "Created": "2023-09-04T22:18:46.997542823+02:00",
        "Scope": "local",
        "Driver": "bridge",
        "EnableIPv6": false,
        "IPAM": {
            "Driver": "default",
            "Options": null,
            "Config": [
                {
                    "Subnet": "172.19.0.0/16",
                    "Gateway": "172.19.0.1"
                }
            ]
        },
        "Internal": false,
        "Attachable": false,
        "Ingress": false,
        "ConfigFrom": {
            "Network": ""
        },
        "ConfigOnly": false,
        "Containers": {
            "024a2b9029370a2af977cf48ef2d5a940cbd9ba2cd156d10625a46cb770d379b": {
                "Name": "mariadb",
                "EndpointID": "b448317121e4e29f879172e3b4af2b9e19f6bbf7cb70ca436be6b4ee8192209d",
                "MacAddress": "02:42:ac:13:00:0c",
                "IPv4Address": "172.19.0.12/16",
                "IPv6Address": ""
            },
            "0358fb93118cb362d986bd4c3e8e440031812fd5e8c576723fde5b5e9a71f2a5": {
                "Name": "jackett",
                "EndpointID": "179f6ebecf11ae0f9e2ed87e63800c7d2e1664f89a082f9026907f81896f4c97",
                "MacAddress": "02:42:ac:13:00:0d",
                "IPv4Address": "172.19.0.13/16",
                "IPv6Address": ""
            },
            "128b888f06e290264ff0b4896e7c672f14fa824a5c869cba0d01159ee89fcfeb": {
                "Name": "netdata-docker-socket-proxy",
                "EndpointID": "95323da57a7e17bf22155037e78d4bc4f703613da23ae1985c1de174d81703ae",
                "MacAddress": "02:42:ac:13:00:02",
                "IPv4Address": "172.19.0.2/16",
                "IPv6Address": ""
            },
            "14e34c91db40c2ec2e31c28572c278969ef4e1a077a4770af390efac0f46ee90": {
                "Name": "traefik",
                "EndpointID": "b165acdee2929827553568766d04e72cb80831625780222fcf045c278c0f4382",
                "MacAddress": "02:42:ac:13:00:10",
                "IPv4Address": "172.19.0.16/16",
                "IPv6Address": ""
            },
            "2bdb5bc6f6925f272081f053807c08231e916b204e82b484623821b675ee9c4f": {
                "Name": "rutorrent",
                "EndpointID": "4fd916ea9784eaffcb04533029f903c3e6201bc490e7aaf5691d69917f3eb221",
                "MacAddress": "02:42:ac:13:00:07",
                "IPv4Address": "172.19.0.7/16",
                "IPv6Address": ""
            },
            "2ee7b09731167d76bf88e902ef14e0ce99c19bc0818f6bdaaf01a7981db9c4c3": {
                "Name": "autoscan",
                "EndpointID": "b596e9dc2b8aaa9942f71e8f33a87af3cb0b34493bf35d96def6db59c8245e8f",
                "MacAddress": "02:42:ac:13:00:11",
                "IPv4Address": "172.19.0.17/16",
                "IPv6Address": ""
            },
            "32abd61faeda1cfdeff47c7b4dcc1042750ee8d8f082a2d7f0e3918e8105c9c0": {
                "Name": "netdata",
                "EndpointID": "ca750d5b2e6807221d155189485fba67973828a85435e949d5ed95168857747e",
                "MacAddress": "02:42:ac:13:00:16",
                "IPv4Address": "172.19.0.22/16",
                "IPv6Address": ""
            },
            "39e941f6ba3301541c44df4b77eeb35fba47794fc5bcf21370b0c2652e233504": {
                "Name": "organizr",
                "EndpointID": "1bd84d1a8272203a145f6b6aba010aef637db55a704f06108852e7d013210499",
                "MacAddress": "02:42:ac:13:00:0e",
                "IPv4Address": "172.19.0.14/16",
                "IPv6Address": ""
            },
            "544b619619eba53722141ae955ecd9299bdf599b1fc13cc22f76d033e8a37e9f": {
                "Name": "tautulli",
                "EndpointID": "abf95a13f09c1d3b04c81cdd26bbc64dbe5e4ad1b0390f39e6c19483e429f6b1",
                "MacAddress": "02:42:ac:13:00:03",
                "IPv4Address": "172.19.0.3/16",
                "IPv6Address": ""
            },
            "54f1e60157b8983b5d8dbfb2fed69a46fc77f47065e7a364b9badf894fedba9c": {
                "Name": "redis",
                "EndpointID": "14889e8d4cee71a0a2234e9efedaef5e44578dd55993cfa03f9f5d3c7fac55f4",
                "MacAddress": "02:42:ac:13:00:12",
                "IPv4Address": "172.19.0.18/16",
                "IPv6Address": ""
            },
            "5c245e8af57e51bdad9cf3d380624f2f1be6853f975d945da60a4ae1f65b4397": {
                "Name": "jellyfin",
                "EndpointID": "133ff70b52ccab1fa599b6a3348ce87e3ed99ebdae1b78cfb26751f7da4c21d6",
                "MacAddress": "02:42:ac:13:00:04",
                "IPv4Address": "172.19.0.4/16",
                "IPv6Address": ""
            },
            "81aca91a326d2b07832231e0ba7b94a28f135726d185ca7bc1676bc47c0a06d5": {
                "Name": "lidarr",
                "EndpointID": "0d1f4c8c81c2290b0e5daae3f79615e8e57efa23f420f9c7a8c8887b43b2420e",
                "MacAddress": "02:42:ac:13:00:05",
                "IPv4Address": "172.19.0.5/16",
                "IPv6Address": ""
            },
            "8330fb4c616b3baf6631c42206cde20db82ab8f18c6a1581804620c839124a34": {
                "Name": "filebrowser",
                "EndpointID": "3bd4b0335dfdc21905f55a35b335e1855360cfb32a7f1c69c36879654da35cb1",
                "MacAddress": "02:42:ac:13:00:08",
                "IPv4Address": "172.19.0.8/16",
                "IPv6Address": ""
            },
            "8bde0b39f1a57e922cea67edbe5a078b8c5d533594079ca8b988e91e6f356147": {
                "Name": "manageengine-sdp-db",
                "EndpointID": "9527ffa1ea759ddbbe6decdf911cf4a61ce89dfffaaa6ae1fddac1e2a8b2a50c",
                "MacAddress": "02:42:ac:13:00:1c",
                "IPv4Address": "172.19.0.28/16",
                "IPv6Address": ""
            },
            "904a1b9a8917ae17f482d354d9863c0355e2f77f7f345b31eba18a4d58c05a6a": {
                "Name": "portainer",
                "EndpointID": "8da06a994a0912640c95e337935e98f61ba4b8399dfddcf12620201d135eb048",
                "MacAddress": "02:42:ac:13:00:17",
                "IPv4Address": "172.19.0.23/16",
                "IPv6Address": ""
            },
            "a48d74085f19405ffa75cb9190dab2a563ceea7d4837d4035c608734d847e0ab": {
                "Name": "unifi",
                "EndpointID": "15481af75625df1b32e6c53ef6a23fca58c023f44f39d73b3f4517607b9f51e4",
                "MacAddress": "02:42:ac:13:00:19",
                "IPv4Address": "172.19.0.25/16",
                "IPv6Address": ""
            },
            "a79a8378bcf6d0a239af6316311f2dc2dc0b35604b3e13c67959b26b0f940b33": {
                "Name": "sonarr",
                "EndpointID": "5b88e091f6e82a94b2142edfa595cce1565fab0126c00cbd381dbace19b52ea9",
                "MacAddress": "02:42:ac:13:00:0f",
                "IPv4Address": "172.19.0.15/16",
                "IPv6Address": ""
            },
            "b47dc369357b08cb036ede3587f49dfc11e5189416b8ab91ae7e722ab080f253": {
                "Name": "nzbhydra2",
                "EndpointID": "57ad30e8b914a15b22724d4f863976fa5fef28b6987b50a2299daa863e5c20a4",
                "MacAddress": "02:42:ac:13:00:13",
                "IPv4Address": "172.19.0.19/16",
                "IPv6Address": ""
            },
            "be999ad245ea421e2539cfc9597309a2e4e76ed07d0b93fae3a01703d6efb314": {
                "Name": "manageengine-sdp",
                "EndpointID": "75440a98e586ea5e8d7d557b5960d454f9c05ac59c8dbdae05b67d12bdcb9a9c",
                "MacAddress": "02:42:ac:13:00:1b",
                "IPv4Address": "172.19.0.27/16",
                "IPv6Address": ""
            },
            "cf66f628c0381d7d2e87d22728922b2ceda39fb4538034bff58082fe66dcc031": {
                "Name": "authelia",
                "EndpointID": "facd3d3717836aed7f55c31c22fb7bc3b85ed2f6c755ad0718b150d3692d80e5",
                "MacAddress": "02:42:ac:13:00:09",
                "IPv4Address": "172.19.0.9/16",
                "IPv6Address": ""
            },
            "d54a7fedca71603b034b84eb313ea9c7540cc1cbee78d29996b1aed5fbd94016": {
                "Name": "nzbget",
                "EndpointID": "089e65145dc0348c6a6a9f3c1bb014aec4bdc324440443215bc30042de04ad77",
                "MacAddress": "02:42:ac:13:00:0b",
                "IPv4Address": "172.19.0.11/16",
                "IPv6Address": ""
            },
            "d7f8d65a0c7641f6920bd096c299834d05f227851e67854af7c110c004169f87": {
                "Name": "radarr",
                "EndpointID": "32e16482406c53eca25f596febcc315f3b5cd61c7cf1f5cb12a3a2a43bbd789b",
                "MacAddress": "02:42:ac:13:00:0a",
                "IPv4Address": "172.19.0.10/16",
                "IPv6Address": ""
            },
            "da4d8cf2aca6ee477834e248402322d9231c1b11461d720b4041288a5c9b3750": {
                "Name": "minecraft-bedrock",
                "EndpointID": "4601a88ee6cc489e56320a1c277dbea6fbd18cafd2b174b6316cf339c280261b",
                "MacAddress": "02:42:ac:13:00:1a",
                "IPv4Address": "172.19.0.26/16",
                "IPv6Address": ""
            },
            "e39914b04685781082410c7aad728c7d7fce030a7d726804bcc7a2cf52d683f7": {
                "Name": "recyclarr",
                "EndpointID": "056fffe75dc5cfaa4429e6daa249644ca7ce81348055d6d5485429b7d88d2892",
                "MacAddress": "02:42:ac:13:00:14",
                "IPv4Address": "172.19.0.20/16",
                "IPv6Address": ""
            },
            "e3e0b178b296e4d7512cc7a22caee3fe7fd2717c6c9fe5423c38cac88e88bf23": {
                "Name": "rt",
                "EndpointID": "81cabd7cdb1b4ccaa86bb83dda81f483a9b72bf05491989f9c1b55b6dd4da827",
                "MacAddress": "02:42:ac:13:00:18",
                "IPv4Address": "172.19.0.24/16",
                "IPv6Address": ""
            },
            "eadda2e5fb9b203611832680077925ab0d9068a487bfac12480c5f4cefc254b1": {
                "Name": "overseerr",
                "EndpointID": "0e081e4086273d4aafdf83f8004d8dd4259aabe3c6f474e42567397a638d33d2",
                "MacAddress": "02:42:ac:13:00:06",
                "IPv4Address": "172.19.0.6/16",
                "IPv6Address": ""
            },
            "f7aba69eeee307c8ce2777c4fef9bcd1ee0688904f6bd7b435079cdc71d4280d": {
                "Name": "plex",
                "EndpointID": "9f20302cd68cf4718ce53ffda568b3e966ff66b0502025b5806334890a045217",
                "MacAddress": "02:42:ac:13:00:15",
                "IPv4Address": "172.19.0.21/16",
                "IPv6Address": ""
            }
        },
        "Options": {},
        "Labels": {}
    }
]
Wed Dec 27 06:49:40 AM CET 2023: Checking SDP Container Accessibility...
Wed Dec 27 06:49:40 AM CET 2023: SDP container is NOT accessible internally. Check SDP container configuration.
Wed Dec 27 06:49:40 AM CET 2023: Script execution completed.
